<?xml version="1.0" encoding="UTF-8"?>
<testng-results ignored="0" total="1" passed="0" failed="1" skipped="0">
  <reporter-output>
  </reporter-output>
  <suite started-at="2024-06-10T22:37:03 IST" name="Default suite" finished-at="2024-06-10T22:37:51 IST" duration-ms="47075">
    <groups>
      <group name="cucumber">
        <method signature="AbstractTestNGCucumberTests.runScenario(io.cucumber.testng.PickleWrapper,io.cucumber.testng.FeatureWrapper)[pri:0, instance:testRunner.TestNGTestRunner@7ef82753]" name="runScenario" class="io.cucumber.testng.AbstractTestNGCucumberTests"/>
      </group> <!-- cucumber -->
    </groups>
    <test started-at="2024-06-10T22:37:03 IST" name="Default test" finished-at="2024-06-10T22:37:51 IST" duration-ms="47075">
      <class name="testRunner.TestNGTestRunner">
        <test-method is-config="true" signature="setUpClass(org.testng.ITestContext)[pri:0, instance:testRunner.TestNGTestRunner@7ef82753]" started-at="2024-06-10T22:37:04 IST" name="setUpClass" finished-at="2024-06-10T22:37:05 IST" duration-ms="1269" status="PASS">
          <params>
            <param index="0">
              <value>
                <![CDATA[org.testng.TestRunner@52f8a6f4]]>
              </value>
            </param>
          </params>
          <reporter-output>
          </reporter-output>
        </test-method> <!-- setUpClass -->
        <test-method signature="runScenario(io.cucumber.testng.PickleWrapper,io.cucumber.testng.FeatureWrapper)[pri:0, instance:testRunner.TestNGTestRunner@7ef82753]" started-at="2024-06-10T22:37:05 IST" name="runScenario" description="Runs Cucumber Scenarios" data-provider="scenarios" finished-at="2024-06-10T22:37:50 IST" duration-ms="45687" status="FAIL">
          <params>
            <param index="0">
              <value>
                <![CDATA["Create single free user"]]>
              </value>
            </param>
            <param index="1">
              <value>
                <![CDATA["Test all features of users"]]>
              </value>
            </param>
          </params>
          <exception class="java.lang.NullPointerException">
            <message>
              <![CDATA[Cannot invoke "org.openqa.selenium.WebElement.getText()" because "this.username" is null]]>
            </message>
            <full-stacktrace>
              <![CDATA[java.lang.NullPointerException: Cannot invoke "org.openqa.selenium.WebElement.getText()" because "this.username" is null
at pageObjects.UserProfile.validateUserDetails(UserProfile.java:18)
at stepDefinitions.UsersStepDefinition.verify_the_user_details(UsersStepDefinition.java:53)
at ✽.verify the user details(file:///C:/Users/amarv/eclipse-workspace/BDDCucumberSeleniumJava/src/test/resources/features/users.feature:11)
]]>
            </full-stacktrace>
          </exception> <!-- java.lang.NullPointerException -->
          <reporter-output>
          </reporter-output>
        </test-method> <!-- runScenario -->
        <test-method is-config="true" signature="tearDownClass()[pri:0, instance:testRunner.TestNGTestRunner@7ef82753]" started-at="2024-06-10T22:37:50 IST" name="tearDownClass" finished-at="2024-06-10T22:37:51 IST" duration-ms="70" status="PASS">
          <reporter-output>
          </reporter-output>
        </test-method> <!-- tearDownClass -->
      </class> <!-- testRunner.TestNGTestRunner -->
    </test> <!-- Default test -->
  </suite> <!-- Default suite -->
</testng-results>
