<?xml version="1.0" encoding="UTF-8"?>
<!-- Generated by org.testng.reporters.JUnitReportReporter -->
<testsuite hostname="Amar" failures="0" tests="1" name="testRunner.TestNGTestRunner" time="45.687" errors="1" timestamp="2024-06-10T22:37:51 IST" skipped="0">
  <testcase classname="testRunner.TestNGTestRunner" name="runScenario" time="45.687">
    <error message="Cannot invoke &quot;org.openqa.selenium.WebElement.getText()&quot; because &quot;this.username&quot; is null" type="java.lang.NullPointerException">
      <![CDATA[java.lang.NullPointerException: Cannot invoke "org.openqa.selenium.WebElement.getText()" because "this.username" is null
at pageObjects.UserProfile.validateUserDetails(UserProfile.java:18)
at stepDefinitions.UsersStepDefinition.verify_the_user_details(UsersStepDefinition.java:53)
at ✽.verify the user details(file:///C:/Users/amarv/eclipse-workspace/BDDCucumberSeleniumJava/src/test/resources/features/users.feature:11)
]]>
    </error>
  </testcase> <!-- runScenario -->
  <system-out/>
</testsuite> <!-- testRunner.TestNGTestRunner -->
